<?xml version="1.0" encoding="UTF-8"?>
<!-- Generated by org.testng.reporters.JUnitReportReporter -->
<testsuite skipped="0" hostname="DESKTOP-1JFG128" name="apiPackage.TC002_POSTMethod" tests="1" failures="0" timestamp="07 Jun 2020 08:10:03 GMT" time="3.018" errors="0">
  <testcase name="postMethod" time="3.018" classname="apiPackage.TC002_POSTMethod"/>
</testsuite> <!-- apiPackage.TC002_POSTMethod -->
