<?xml version="1.0" encoding="UTF-8"?>
<!-- Generated by org.testng.reporters.JUnitReportReporter -->
<testsuite skipped="0" hostname="DESKTOP-1JFG128" name="apiPackage.TC003_DeleteMethod" tests="1" failures="0" timestamp="08 Jun 2020 17:39:24 GMT" time="5.257" errors="0">
  <testcase name="deleteMethod" time="5.257" classname="apiPackage.TC003_DeleteMethod"/>
</testsuite> <!-- apiPackage.TC003_DeleteMethod -->
