<?xml version="1.0" encoding="UTF-8"?>
<!-- Generated by org.testng.reporters.JUnitReportReporter -->
<testsuite skipped="0" hostname="DESKTOP-1JFG128" name="apiValidationPkg.TC001_GETReq" tests="1" failures="0" timestamp="04 Jun 2020 19:27:37 GMT" time="3.947" errors="0">
  <testcase name="getWeatherDetails" time="3.947" classname="apiValidationPkg.TC001_GETReq"/>
</testsuite> <!-- apiValidationPkg.TC001_GETReq -->
