<?xml version="1.0" encoding="UTF-8"?>
<!-- Generated by org.testng.reporters.JUnitReportReporter -->
<testsuite skipped="0" hostname="DESKTOP-1JFG128" name="apiPackage.TC003_DeleteMethod" tests="1" failures="0" timestamp="07 Jun 2020 07:59:41 GMT" time="4.310" errors="0">
  <testcase name="deleteMethod" time="4.310" classname="apiPackage.TC003_DeleteMethod"/>
</testsuite> <!-- apiPackage.TC003_DeleteMethod -->
