<?xml version="1.0" encoding="UTF-8"?>
<!-- Generated by org.testng.reporters.JUnitReportReporter -->
<testsuite skipped="0" hostname="DESKTOP-1JFG128" name="apiPackage.TC001_GETMethod" tests="1" failures="0" timestamp="06 Jun 2020 19:04:34 GMT" time="3.451" errors="0">
  <testcase name="getMethod" time="3.451" classname="apiPackage.TC001_GETMethod"/>
</testsuite> <!-- apiPackage.TC001_GETMethod -->
