<?xml version="1.0" encoding="UTF-8"?>
<!-- Generated by org.testng.reporters.JUnitReportReporter -->
<testsuite skipped="0" hostname="DESKTOP-1JFG128" name="apiValidationPkg.TC002_POSTReq" tests="1" failures="0" timestamp="06 Jun 2020 14:50:19 GMT" time="17.315" errors="0">
  <testcase name="postWeatherDetails" time="17.315" classname="apiValidationPkg.TC002_POSTReq"/>
</testsuite> <!-- apiValidationPkg.TC002_POSTReq -->
