<?xml version="1.0" encoding="UTF-8"?>
<!-- Generated by org.testng.reporters.JUnitReportReporter -->
<testsuite skipped="0" hostname="DESKTOP-1JFG128" name="apiValidationPkg.TC003_PUTReq" tests="1" failures="0" timestamp="04 Jun 2020 19:46:47 GMT" time="3.181" errors="0">
  <testcase name="putRequestData" time="3.181" classname="apiValidationPkg.TC003_PUTReq"/>
</testsuite> <!-- apiValidationPkg.TC003_PUTReq -->
