<?xml version="1.0" encoding="UTF-8"?>
<!-- Generated by org.testng.reporters.JUnitReportReporter -->
<testsuite skipped="0" hostname="DESKTOP-1JFG128" name="apiPackage.TC004_PUTMethod" tests="1" failures="0" timestamp="07 Jun 2020 08:10:41 GMT" time="2.678" errors="0">
  <testcase name="putMethod" time="2.678" classname="apiPackage.TC004_PUTMethod"/>
</testsuite> <!-- apiPackage.TC004_PUTMethod -->
