<?xml version="1.0" encoding="UTF-8"?>
<!-- Generated by org.testng.reporters.JUnitReportReporter -->
<testsuite skipped="0" hostname="DESKTOP-1JFG128" name="apiValidationPkg.TC004_DELETEReq" tests="1" failures="0" timestamp="04 Jun 2020 19:59:59 GMT" time="2.708" errors="0">
  <testcase name="deleteData" time="2.708" classname="apiValidationPkg.TC004_DELETEReq"/>
</testsuite> <!-- apiValidationPkg.TC004_DELETEReq -->
